12-10-2018 10:07:10.660 [main] INFO  c.s.m.MovieServiceApplication.logStarting - Starting MovieServiceApplication on cgi6-sangeet with PID 1837 (/home/cgi/IdeaProjects/movieservice/target/classes started by cgi in /home/cgi/IdeaProjects/movieservice)
12-10-2018 10:07:10.695 [main] DEBUG c.s.m.MovieServiceApplication.logStarting - Running with Spring Boot v2.0.5.RELEASE, Spring v5.0.9.RELEASE
12-10-2018 10:07:10.698 [main] INFO  c.s.m.MovieServiceApplication.logStartupProfileInfo - No active profile set, falling back to default profiles: default
12-10-2018 10:07:10.832 [main] INFO  o.s.b.w.s.c.AnnotationConfigServletWebServerApplicationContext.prepareRefresh - Refreshing org.springframework.boot.web.servlet.context.AnnotationConfigServletWebServerApplicationContext@6b0d80ed: startup date [Fri Oct 12 10:07:10 IST 2018]; root of context hierarchy
12-10-2018 10:07:13.582 [main] INFO  o.s.b.w.e.tomcat.TomcatWebServer.initialize - Tomcat initialized with port(s): 8080 (http)
12-10-2018 10:07:13.620 [main] INFO  o.a.catalina.core.StandardService.log - Starting service [Tomcat]
12-10-2018 10:07:13.621 [main] INFO  o.a.catalina.core.StandardEngine.log - Starting Servlet Engine: Apache Tomcat/8.5.34
12-10-2018 10:07:13.640 [localhost-startStop-1] INFO  o.a.c.core.AprLifecycleListener.log - The APR based Apache Tomcat Native library which allows optimal performance in production environments was not found on the java.library.path: [/usr/java/packages/lib:/usr/lib64:/lib64:/lib:/usr/lib]
12-10-2018 10:07:13.775 [localhost-startStop-1] INFO  o.a.c.c.C.[Tomcat].[localhost].[/].log - Initializing Spring embedded WebApplicationContext
12-10-2018 10:07:13.862 [localhost-startStop-1] INFO  o.s.b.w.s.ServletRegistrationBean.addRegistration - Servlet dispatcherServlet mapped to [/]
12-10-2018 10:07:13.870 [localhost-startStop-1] INFO  o.s.b.w.s.FilterRegistrationBean.configure - Mapping filter: 'characterEncodingFilter' to: [/*]
12-10-2018 10:07:13.871 [localhost-startStop-1] INFO  o.s.b.w.s.FilterRegistrationBean.configure - Mapping filter: 'hiddenHttpMethodFilter' to: [/*]
12-10-2018 10:07:13.871 [localhost-startStop-1] INFO  o.s.b.w.s.FilterRegistrationBean.configure - Mapping filter: 'httpPutFormContentFilter' to: [/*]
12-10-2018 10:07:13.872 [localhost-startStop-1] INFO  o.s.b.w.s.FilterRegistrationBean.configure - Mapping filter: 'requestContextFilter' to: [/*]
12-10-2018 10:07:14.219 [main] INFO  org.mongodb.driver.cluster.info - Cluster created with settings {hosts=[localhost:27017], mode=SINGLE, requiredClusterType=UNKNOWN, serverSelectionTimeout='30000 ms', maxWaitQueueSize=500}
12-10-2018 10:07:14.302 [cluster-ClusterId{value='5bc024faf270df072dde7557', description='null'}-localhost:27017] INFO  org.mongodb.driver.connection.info - Opened connection [connectionId{localValue:1, serverValue:6}] to localhost:27017
12-10-2018 10:07:14.308 [cluster-ClusterId{value='5bc024faf270df072dde7557', description='null'}-localhost:27017] INFO  org.mongodb.driver.cluster.info - Monitor thread successfully connected to server with description ServerDescription{address=localhost:27017, type=STANDALONE, state=CONNECTED, ok=true, version=ServerVersion{versionList=[4, 0, 3]}, minWireVersion=0, maxWireVersion=7, maxDocumentSize=16777216, logicalSessionTimeoutMinutes=30, roundTripTimeNanos=3820302}
12-10-2018 10:07:15.404 [main] INFO  s.d.s.w.PropertySourcedRequestMappingHandlerMapping.initHandlerMethods - Mapped URL path [/v2/api-docs] onto method [public org.springframework.http.ResponseEntity<springfox.documentation.spring.web.json.Json> springfox.documentation.swagger2.web.Swagger2Controller.getDocumentation(java.lang.String,javax.servlet.http.HttpServletRequest)]
12-10-2018 10:07:15.994 [main] INFO  o.s.j.e.a.AnnotationMBeanExporter.afterSingletonsInstantiated - Registering beans for JMX exposure on startup
12-10-2018 10:07:16.008 [main] INFO  o.s.c.s.DefaultLifecycleProcessor.start - Starting beans in phase 2147483647
12-10-2018 10:07:16.009 [main] INFO  s.d.s.w.p.DocumentationPluginsBootstrapper.start - Context refreshed
12-10-2018 10:07:16.042 [main] INFO  s.d.s.w.p.DocumentationPluginsBootstrapper.start - Found 1 custom documentation plugin(s)
12-10-2018 10:07:16.086 [main] INFO  s.d.s.w.s.ApiListingReferenceScanner.scan - Scanning for api listing references
12-10-2018 10:07:16.416 [main] INFO  org.mongodb.driver.connection.info - Opened connection [connectionId{localValue:2, serverValue:7}] to localhost:27017
12-10-2018 10:07:16.477 [main] INFO  o.s.b.w.e.tomcat.TomcatWebServer.start - Tomcat started on port(s): 8080 (http) with context path ''
12-10-2018 10:07:16.483 [main] INFO  c.s.m.MovieServiceApplication.logStarted - Started MovieServiceApplication in 6.869 seconds (JVM running for 7.755)
12-10-2018 10:08:16.828 [http-nio-8080-exec-1] INFO  o.a.c.c.C.[Tomcat].[localhost].[/].log - Initializing Spring FrameworkServlet 'dispatcherServlet'
12-10-2018 10:15:37.522 [Thread-2] INFO  o.s.b.w.s.c.AnnotationConfigServletWebServerApplicationContext.doClose - Closing org.springframework.boot.web.servlet.context.AnnotationConfigServletWebServerApplicationContext@6b0d80ed: startup date [Fri Oct 12 10:07:10 IST 2018]; root of context hierarchy
12-10-2018 10:15:37.526 [Thread-2] INFO  o.s.c.s.DefaultLifecycleProcessor.stop - Stopping beans in phase 2147483647
12-10-2018 10:15:37.529 [Thread-2] INFO  o.s.j.e.a.AnnotationMBeanExporter.destroy - Unregistering JMX-exposed beans on shutdown
12-10-2018 10:15:37.537 [Thread-2] INFO  org.mongodb.driver.connection.info - Closed connection [connectionId{localValue:2, serverValue:7}] to localhost:27017 because the pool has been closed.
